build/app/intermediates/manifest_merge_blame_file/release/manifest-merger-blame-release-report.txt
1<?xml version="1.0" encoding="utf-8"?>
2<manifest xmlns:android="http://schemas.android.com/apk/res/android"
3    package="com.aasharef.ecommerce"
4    android:versionCode="1"
5    android:versionName="1.0.0" >
6
7    <uses-sdk
8        android:minSdkVersion="21"
8-->src/main/AndroidManifest.xml
9        android:targetSdkVersion="33" />
9-->src/main/AndroidManifest.xml
10
11    <application
12        android:name="android.app.Application"
12-->src/main/AndroidManifest.xml:2:48-81
13        android:appComponentFactory="androidx.core.app.CoreComponentFactory"
13-->[androidx.core:core:1.6.0] AndroidManifest.xml:24:18-86
14        android:icon="@mipmap/ic_launcher"
14-->src/main/AndroidManifest.xml:2:82-116
15        android:label="E-commerce App" >
15-->src/main/AndroidManifest.xml:2:17-47
16        <activity
16-->src/main/AndroidManifest.xml:3:9-13:20
17            android:name="com.aasharef.ecommerce.MainActivity"
17-->src/main/AndroidManifest.xml:3:19-47
18            android:configChanges="orientation|keyboardHidden|keyboard|screenSize|smallestScreenSize|locale|layoutDirection|fontScale|screenLayout|density|uiMode"
18-->src/main/AndroidManifest.xml:3:138-288
19            android:exported="true"
19-->src/main/AndroidManifest.xml:3:48-71
20            android:hardwareAccelerated="true"
20-->src/main/AndroidManifest.xml:3:289-323
21            android:launchMode="singleTop"
21-->src/main/AndroidManifest.xml:3:72-102
22            android:theme="@style/LaunchTheme"
22-->src/main/AndroidManifest.xml:3:103-137
23            android:windowSoftInputMode="adjustResize" >
23-->src/main/AndroidManifest.xml:3:324-366
24
25            <!--
26                 Specifies an Android theme to apply to this Activity as soon as
27                 the Android process has started. This theme is visible to the user
28                 while the Flutter UI initializes. After that, this theme continues
29                 to determine the Window background behind the Flutter UI.
30            -->
31            <meta-data
31-->src/main/AndroidManifest.xml:8:13-119
32                android:name="io.flutter.embedding.android.NormalTheme"
32-->src/main/AndroidManifest.xml:8:24-79
33                android:resource="@style/NormalTheme" />
33-->src/main/AndroidManifest.xml:8:80-117
34
35            <intent-filter>
35-->src/main/AndroidManifest.xml:9:13-12:29
36                <action android:name="android.intent.action.MAIN" />
36-->src/main/AndroidManifest.xml:10:17-68
36-->src/main/AndroidManifest.xml:10:25-66
37
38                <category android:name="android.intent.category.LAUNCHER" />
38-->src/main/AndroidManifest.xml:11:17-76
38-->src/main/AndroidManifest.xml:11:27-74
39            </intent-filter>
40        </activity>
41        <!--
42             Don't delete the meta-data below.
43             This is used by the Flutter tool to generate GeneratedPluginRegistrant.java
44        -->
45        <meta-data
45-->src/main/AndroidManifest.xml:16:9-71
46            android:name="flutterEmbedding"
46-->src/main/AndroidManifest.xml:16:20-51
47            android:value="2" />
47-->src/main/AndroidManifest.xml:16:52-69
48
49        <uses-library
49-->[androidx.window:window:1.0.0-beta04] AndroidManifest.xml:25:9-27:40
50            android:name="androidx.window.extensions"
50-->[androidx.window:window:1.0.0-beta04] AndroidManifest.xml:26:13-54
51            android:required="false" />
51-->[androidx.window:window:1.0.0-beta04] AndroidManifest.xml:27:13-37
52        <uses-library
52-->[androidx.window:window:1.0.0-beta04] AndroidManifest.xml:28:9-30:40
53            android:name="androidx.window.sidecar"
53-->[androidx.window:window:1.0.0-beta04] AndroidManifest.xml:29:13-51
54            android:required="false" />
54-->[androidx.window:window:1.0.0-beta04] AndroidManifest.xml:30:13-37
55    </application>
56
57</manifest>